{"/home/eduardo/Documentos/trybe-exercicios/fundamentos/seção-6-introducao-a-javascript-es6-e-testes-unitarios/dia-03-matchers-e-cobertura-de-codigo/exercicio-03/dados.js": {"path":"/home/eduardo/Documentos/trybe-exercicios/fundamentos/seção-6-introducao-a-javascript-es6-e-testes-unitarios/dia-03-matchers-e-cobertura-de-codigo/exercicio-03/dados.js","statementMap":{"0":{"start":{"line":2,"column":26},"end":{"line":39,"column":1}},"1":{"start":{"line":42,"column":23},"end":{"line":62,"column":1}},"2":{"start":{"line":43,"column":17},"end":{"line":43,"column":19}},"3":{"start":{"line":45,"column":2},"end":{"line":51,"column":3}},"4":{"start":{"line":45,"column":19},"end":{"line":45,"column":20}},"5":{"start":{"line":46,"column":28},"end":{"line":46,"column":52}},"6":{"start":{"line":48,"column":4},"end":{"line":50,"column":5}},"7":{"start":{"line":49,"column":6},"end":{"line":49,"column":33}},"8":{"start":{"line":53,"column":2},"end":{"line":55,"column":3}},"9":{"start":{"line":54,"column":4},"end":{"line":54,"column":43}},"10":{"start":{"line":57,"column":2},"end":{"line":59,"column":3}},"11":{"start":{"line":58,"column":4},"end":{"line":58,"column":47}},"12":{"start":{"line":61,"column":2},"end":{"line":61,"column":26}},"13":{"start":{"line":64,"column":0},"end":{"line":64,"column":32}}},"fnMap":{"0":{"name":"(anonymous_0)","decl":{"start":{"line":42,"column":23},"end":{"line":42,"column":24}},"loc":{"start":{"line":42,"column":39},"end":{"line":62,"column":1}},"line":42}},"branchMap":{"0":{"loc":{"start":{"line":48,"column":4},"end":{"line":50,"column":5}},"type":"if","locations":[{"start":{"line":48,"column":4},"end":{"line":50,"column":5}},{"start":{},"end":{}}],"line":48},"1":{"loc":{"start":{"line":53,"column":2},"end":{"line":55,"column":3}},"type":"if","locations":[{"start":{"line":53,"column":2},"end":{"line":55,"column":3}},{"start":{},"end":{}}],"line":53},"2":{"loc":{"start":{"line":57,"column":2},"end":{"line":59,"column":3}},"type":"if","locations":[{"start":{"line":57,"column":2},"end":{"line":59,"column":3}},{"start":{},"end":{}}],"line":57}},"s":{"0":1,"1":1,"2":7,"3":7,"4":7,"5":42,"6":42,"7":4,"8":7,"9":3,"10":4,"11":1,"12":3,"13":1},"f":{"0":7},"b":{"0":[4,38],"1":[3,4],"2":[1,3]},"_coverageSchema":"1a1c01bbd47fc00a2c39e90264f33305004495a9","hash":"1d4cc8f08037438dcf8b90feb5242f8383017d9b"}
}
